<?xml version="1.0" encoding="UTF-8"?>
<testsuite xmlns:xsi="http://www.w3.org/2001/XMLSchema-instance" xsi:noNamespaceSchemaLocation="https://maven.apache.org/surefire/maven-surefire-plugin/xsd/surefire-test-report-3.0.xsd" version="3.0" name="TestSuite" time="7.476" tests="2" errors="0" skipped="0" failures="0">
  <properties>
    <property name="gopherProxySet" value="false"/>
    <property name="awt.toolkit" value="sun.lwawt.macosx.LWCToolkit"/>
    <property name="file.encoding.pkg" value="sun.io"/>
    <property name="java.specification.version" value="1.8"/>
    <property name="webdriver.chrome.driver" value="/Users/shahid2/Desktop/bootCamp1/pnt2-mct-autoproject/chromedriver"/>
    <property name="sun.cpu.isalist" value=""/>
    <property name="sun.jnu.encoding" value="UTF-8"/>
    <property name="java.class.path" value="/Users/shahid2/eclipse-workspace/TargetAutomation/target/test-classes:/Users/shahid2/eclipse-workspace/TargetAutomation/target/classes:/Users/shahid2/.m2/repository/org/seleniumhq/selenium/selenium-java/3.141.59/selenium-java-3.141.59.jar:/Users/shahid2/.m2/repository/org/seleniumhq/selenium/selenium-api/3.141.59/selenium-api-3.141.59.jar:/Users/shahid2/.m2/repository/org/seleniumhq/selenium/selenium-chrome-driver/3.141.59/selenium-chrome-driver-3.141.59.jar:/Users/shahid2/.m2/repository/org/seleniumhq/selenium/selenium-edge-driver/3.141.59/selenium-edge-driver-3.141.59.jar:/Users/shahid2/.m2/repository/org/seleniumhq/selenium/selenium-firefox-driver/3.141.59/selenium-firefox-driver-3.141.59.jar:/Users/shahid2/.m2/repository/org/seleniumhq/selenium/selenium-ie-driver/3.141.59/selenium-ie-driver-3.141.59.jar:/Users/shahid2/.m2/repository/org/seleniumhq/selenium/selenium-opera-driver/3.141.59/selenium-opera-driver-3.141.59.jar:/Users/shahid2/.m2/repository/org/seleniumhq/selenium/selenium-remote-driver/3.141.59/selenium-remote-driver-3.141.59.jar:/Users/shahid2/.m2/repository/org/seleniumhq/selenium/selenium-safari-driver/3.141.59/selenium-safari-driver-3.141.59.jar:/Users/shahid2/.m2/repository/org/seleniumhq/selenium/selenium-support/3.141.59/selenium-support-3.141.59.jar:/Users/shahid2/.m2/repository/net/bytebuddy/byte-buddy/1.8.15/byte-buddy-1.8.15.jar:/Users/shahid2/.m2/repository/org/apache/commons/commons-exec/1.3/commons-exec-1.3.jar:/Users/shahid2/.m2/repository/com/google/guava/guava/25.0-jre/guava-25.0-jre.jar:/Users/shahid2/.m2/repository/com/google/code/findbugs/jsr305/1.3.9/jsr305-1.3.9.jar:/Users/shahid2/.m2/repository/org/checkerframework/checker-compat-qual/2.0.0/checker-compat-qual-2.0.0.jar:/Users/shahid2/.m2/repository/com/google/errorprone/error_prone_annotations/2.1.3/error_prone_annotations-2.1.3.jar:/Users/shahid2/.m2/repository/com/google/j2objc/j2objc-annotations/1.1/j2objc-annotations-1.1.jar:/Users/shahid2/.m2/repository/org/codehaus/mojo/animal-sniffer-annotations/1.14/animal-sniffer-annotations-1.14.jar:/Users/shahid2/.m2/repository/com/squareup/okhttp3/okhttp/3.11.0/okhttp-3.11.0.jar:/Users/shahid2/.m2/repository/com/squareup/okio/okio/1.14.0/okio-1.14.0.jar:/Users/shahid2/.m2/repository/org/testng/testng/7.1.0/testng-7.1.0.jar:/Users/shahid2/.m2/repository/com/beust/jcommander/1.72/jcommander-1.72.jar:/Users/shahid2/.m2/repository/com/google/inject/guice/4.1.0/guice-4.1.0-no_aop.jar:/Users/shahid2/.m2/repository/javax/inject/javax.inject/1/javax.inject-1.jar:/Users/shahid2/.m2/repository/aopalliance/aopalliance/1.0/aopalliance-1.0.jar:/Users/shahid2/.m2/repository/org/yaml/snakeyaml/1.21/snakeyaml-1.21.jar:/Users/shahid2/.m2/repository/org/catools/extentreport/0.1.15/extentreport-0.1.15.jar:/Users/shahid2/.m2/repository/org/catools/common-testng/0.1.15/common-testng-0.1.15.jar:/Users/shahid2/.m2/repository/org/catools/common/0.1.15/common-0.1.15.jar:/Users/shahid2/.m2/repository/org/codehaus/groovy/groovy-jsr223/2.5.7/groovy-jsr223-2.5.7.jar:/Users/shahid2/.m2/repository/org/codehaus/groovy/groovy/2.5.7/groovy-2.5.7.jar:/Users/shahid2/.m2/repository/org/apache/logging/log4j/log4j-api/2.12.1/log4j-api-2.12.1.jar:/Users/shahid2/.m2/repository/org/apache/logging/log4j/log4j-core/2.12.1/log4j-core-2.12.1.jar:/Users/shahid2/.m2/repository/org/apache/logging/log4j/log4j-slf4j-impl/2.12.1/log4j-slf4j-impl-2.12.1.jar:/Users/shahid2/.m2/repository/org/slf4j/slf4j-api/1.7.25/slf4j-api-1.7.25.jar:/Users/shahid2/.m2/repository/org/projectlombok/lombok/1.18.10/lombok-1.18.10.jar:/Users/shahid2/.m2/repository/javax/xml/bind/activation/1.0.2/activation-1.0.2.jar:/Users/shahid2/.m2/repository/org/glassfish/jaxb/jaxb-runtime/2.4.0-b180830.0438/jaxb-runtime-2.4.0-b180830.0438.jar:/Users/shahid2/.m2/repository/org/glassfish/jaxb/txw2/2.4.0-b180830.0438/txw2-2.4.0-b180830.0438.jar:/Users/shahid2/.m2/repository/com/sun/istack/istack-commons-runtime/3.0.7/istack-commons-runtime-3.0.7.jar:/Users/shahid2/.m2/repository/org/jvnet/staxex/stax-ex/1.8/stax-ex-1.8.jar:/Users/shahid2/.m2/repository/com/sun/xml/fastinfoset/FastInfoset/1.2.15/FastInfoset-1.2.15.jar:/Users/shahid2/.m2/repository/org/apache/commons/commons-text/1.6/commons-text-1.6.jar:/Users/shahid2/.m2/repository/org/apache/commons/commons-lang3/3.8.1/commons-lang3-3.8.1.jar:/Users/shahid2/.m2/repository/org/apache/commons/commons-csv/1.6/commons-csv-1.6.jar:/Users/shahid2/.m2/repository/org/apache/commons/commons-collections4/4.4/commons-collections4-4.4.jar:/Users/shahid2/.m2/repository/com/fasterxml/jackson/core/jackson-core/2.10.2/jackson-core-2.10.2.jar:/Users/shahid2/.m2/repository/com/fasterxml/jackson/dataformat/jackson-dataformat-yaml/2.10.2/jackson-dataformat-yaml-2.10.2.jar:/Users/shahid2/.m2/repository/com/fasterxml/jackson/core/jackson-databind/2.10.2/jackson-databind-2.10.2.jar:/Users/shahid2/.m2/repository/com/fasterxml/jackson/core/jackson-annotations/2.10.2/jackson-annotations-2.10.2.jar:/Users/shahid2/.m2/repository/org/catools/common-security/0.1.15/common-security-0.1.15.jar:/Users/shahid2/.m2/repository/com/github/lalyos/jfiglet/0.0.8/jfiglet-0.0.8.jar:/Users/shahid2/.m2/repository/com/diogonunes/JCDP/2.0.3.1/JCDP-2.0.3.1.jar:/Users/shahid2/.m2/repository/org/fusesource/jansi/jansi/1.15/jansi-1.15.jar:/Users/shahid2/.m2/repository/commons-io/commons-io/2.6/commons-io-2.6.jar:/Users/shahid2/.m2/repository/javax/xml/bind/jaxb-api/2.3.1/jaxb-api-2.3.1.jar:/Users/shahid2/.m2/repository/javax/activation/javax.activation-api/1.2.0/javax.activation-api-1.2.0.jar:/Users/shahid2/.m2/repository/javax/ws/rs/javax.ws.rs-api/2.1.1/javax.ws.rs-api-2.1.1.jar:/Users/shahid2/.m2/repository/org/codehaus/jettison/jettison/1.4.0/jettison-1.4.0.jar:/Users/shahid2/.m2/repository/commons-collections/commons-collections/3.2.1/commons-collections-3.2.1.jar:/Users/shahid2/.m2/repository/com/googlecode/lambdaj/lambdaj/2.3.3/lambdaj-2.3.3.jar:/Users/shahid2/.m2/repository/org/hamcrest/hamcrest-all/1.1/hamcrest-all-1.1.jar:/Users/shahid2/.m2/repository/org/objenesis/objenesis/1.2/objenesis-1.2.jar:/Users/shahid2/.m2/repository/cglib/cglib-nodep/2.2/cglib-nodep-2.2.jar:/Users/shahid2/.m2/repository/org/bitbucket/cowwoc/diff-match-patch/1.2/diff-match-patch-1.2.jar:/Users/shahid2/.m2/repository/com/googlecode/libphonenumber/libphonenumber/8.10.7/libphonenumber-8.10.7.jar:/Users/shahid2/.m2/repository/uk/com/robust-it/cloning/1.9.2/cloning-1.9.2.jar:/Users/shahid2/.m2/repository/org/jmockit/jmockit/1.44/jmockit-1.44.jar:/Users/shahid2/.m2/repository/com/aventstack/extentreports/4.0.9/extentreports-4.0.9.jar:/Users/shahid2/.m2/repository/org/freemarker/freemarker/2.3.23/freemarker-2.3.23.jar:/Users/shahid2/.m2/repository/org/mongodb/mongodb-driver/3.3.0/mongodb-driver-3.3.0.jar:/Users/shahid2/.m2/repository/org/mongodb/mongodb-driver-core/3.3.0/mongodb-driver-core-3.3.0.jar:/Users/shahid2/.m2/repository/org/mongodb/bson/3.3.0/bson-3.3.0.jar:/Users/shahid2/.m2/repository/org/apache/httpcomponents/httpclient/4.5.2/httpclient-4.5.2.jar:/Users/shahid2/.m2/repository/org/apache/httpcomponents/httpcore/4.4.4/httpcore-4.4.4.jar:/Users/shahid2/.m2/repository/commons-logging/commons-logging/1.2/commons-logging-1.2.jar:/Users/shahid2/.m2/repository/commons-codec/commons-codec/1.9/commons-codec-1.9.jar:/Users/shahid2/.m2/repository/org/apache/httpcomponents/httpmime/4.5.2/httpmime-4.5.2.jar:/Users/shahid2/.m2/repository/com/google/code/gson/gson/2.8.5/gson-2.8.5.jar:"/>
    <property name="java.vm.vendor" value="Oracle Corporation"/>
    <property name="sun.arch.data.model" value="64"/>
    <property name="java.vendor.url" value="http://java.oracle.com/"/>
    <property name="user.timezone" value="America/New_York"/>
    <property name="java.vm.specification.version" value="1.8"/>
    <property name="os.name" value="Mac OS X"/>
    <property name="user.country" value="US"/>
    <property name="sun.java.launcher" value="SUN_STANDARD"/>
    <property name="sun.boot.library.path" value="/Library/Java/JavaVirtualMachines/jdk1.8.0_221.jdk/Contents/Home/jre/lib"/>
    <property name="sun.java.command" value="/Users/shahid2/eclipse-workspace/TargetAutomation/target/surefire/surefirebooter2997835827176092685.jar /Users/shahid2/eclipse-workspace/TargetAutomation/target/surefire 2020-03-03T18-36-33_974-jvmRun1 surefire3402006600225528913tmp surefire_01525307130984444801tmp"/>
    <property name="http.nonProxyHosts" value="local|*.local|169.254/16|*.169.254/16"/>
    <property name="surefire.test.class.path" value="/Users/shahid2/eclipse-workspace/TargetAutomation/target/test-classes:/Users/shahid2/eclipse-workspace/TargetAutomation/target/classes:/Users/shahid2/.m2/repository/org/seleniumhq/selenium/selenium-java/3.141.59/selenium-java-3.141.59.jar:/Users/shahid2/.m2/repository/org/seleniumhq/selenium/selenium-api/3.141.59/selenium-api-3.141.59.jar:/Users/shahid2/.m2/repository/org/seleniumhq/selenium/selenium-chrome-driver/3.141.59/selenium-chrome-driver-3.141.59.jar:/Users/shahid2/.m2/repository/org/seleniumhq/selenium/selenium-edge-driver/3.141.59/selenium-edge-driver-3.141.59.jar:/Users/shahid2/.m2/repository/org/seleniumhq/selenium/selenium-firefox-driver/3.141.59/selenium-firefox-driver-3.141.59.jar:/Users/shahid2/.m2/repository/org/seleniumhq/selenium/selenium-ie-driver/3.141.59/selenium-ie-driver-3.141.59.jar:/Users/shahid2/.m2/repository/org/seleniumhq/selenium/selenium-opera-driver/3.141.59/selenium-opera-driver-3.141.59.jar:/Users/shahid2/.m2/repository/org/seleniumhq/selenium/selenium-remote-driver/3.141.59/selenium-remote-driver-3.141.59.jar:/Users/shahid2/.m2/repository/org/seleniumhq/selenium/selenium-safari-driver/3.141.59/selenium-safari-driver-3.141.59.jar:/Users/shahid2/.m2/repository/org/seleniumhq/selenium/selenium-support/3.141.59/selenium-support-3.141.59.jar:/Users/shahid2/.m2/repository/net/bytebuddy/byte-buddy/1.8.15/byte-buddy-1.8.15.jar:/Users/shahid2/.m2/repository/org/apache/commons/commons-exec/1.3/commons-exec-1.3.jar:/Users/shahid2/.m2/repository/com/google/guava/guava/25.0-jre/guava-25.0-jre.jar:/Users/shahid2/.m2/repository/com/google/code/findbugs/jsr305/1.3.9/jsr305-1.3.9.jar:/Users/shahid2/.m2/repository/org/checkerframework/checker-compat-qual/2.0.0/checker-compat-qual-2.0.0.jar:/Users/shahid2/.m2/repository/com/google/errorprone/error_prone_annotations/2.1.3/error_prone_annotations-2.1.3.jar:/Users/shahid2/.m2/repository/com/google/j2objc/j2objc-annotations/1.1/j2objc-annotations-1.1.jar:/Users/shahid2/.m2/repository/org/codehaus/mojo/animal-sniffer-annotations/1.14/animal-sniffer-annotations-1.14.jar:/Users/shahid2/.m2/repository/com/squareup/okhttp3/okhttp/3.11.0/okhttp-3.11.0.jar:/Users/shahid2/.m2/repository/com/squareup/okio/okio/1.14.0/okio-1.14.0.jar:/Users/shahid2/.m2/repository/org/testng/testng/7.1.0/testng-7.1.0.jar:/Users/shahid2/.m2/repository/com/beust/jcommander/1.72/jcommander-1.72.jar:/Users/shahid2/.m2/repository/com/google/inject/guice/4.1.0/guice-4.1.0-no_aop.jar:/Users/shahid2/.m2/repository/javax/inject/javax.inject/1/javax.inject-1.jar:/Users/shahid2/.m2/repository/aopalliance/aopalliance/1.0/aopalliance-1.0.jar:/Users/shahid2/.m2/repository/org/yaml/snakeyaml/1.21/snakeyaml-1.21.jar:/Users/shahid2/.m2/repository/org/catools/extentreport/0.1.15/extentreport-0.1.15.jar:/Users/shahid2/.m2/repository/org/catools/common-testng/0.1.15/common-testng-0.1.15.jar:/Users/shahid2/.m2/repository/org/catools/common/0.1.15/common-0.1.15.jar:/Users/shahid2/.m2/repository/org/codehaus/groovy/groovy-jsr223/2.5.7/groovy-jsr223-2.5.7.jar:/Users/shahid2/.m2/repository/org/codehaus/groovy/groovy/2.5.7/groovy-2.5.7.jar:/Users/shahid2/.m2/repository/org/apache/logging/log4j/log4j-api/2.12.1/log4j-api-2.12.1.jar:/Users/shahid2/.m2/repository/org/apache/logging/log4j/log4j-core/2.12.1/log4j-core-2.12.1.jar:/Users/shahid2/.m2/repository/org/apache/logging/log4j/log4j-slf4j-impl/2.12.1/log4j-slf4j-impl-2.12.1.jar:/Users/shahid2/.m2/repository/org/slf4j/slf4j-api/1.7.25/slf4j-api-1.7.25.jar:/Users/shahid2/.m2/repository/org/projectlombok/lombok/1.18.10/lombok-1.18.10.jar:/Users/shahid2/.m2/repository/javax/xml/bind/activation/1.0.2/activation-1.0.2.jar:/Users/shahid2/.m2/repository/org/glassfish/jaxb/jaxb-runtime/2.4.0-b180830.0438/jaxb-runtime-2.4.0-b180830.0438.jar:/Users/shahid2/.m2/repository/org/glassfish/jaxb/txw2/2.4.0-b180830.0438/txw2-2.4.0-b180830.0438.jar:/Users/shahid2/.m2/repository/com/sun/istack/istack-commons-runtime/3.0.7/istack-commons-runtime-3.0.7.jar:/Users/shahid2/.m2/repository/org/jvnet/staxex/stax-ex/1.8/stax-ex-1.8.jar:/Users/shahid2/.m2/repository/com/sun/xml/fastinfoset/FastInfoset/1.2.15/FastInfoset-1.2.15.jar:/Users/shahid2/.m2/repository/org/apache/commons/commons-text/1.6/commons-text-1.6.jar:/Users/shahid2/.m2/repository/org/apache/commons/commons-lang3/3.8.1/commons-lang3-3.8.1.jar:/Users/shahid2/.m2/repository/org/apache/commons/commons-csv/1.6/commons-csv-1.6.jar:/Users/shahid2/.m2/repository/org/apache/commons/commons-collections4/4.4/commons-collections4-4.4.jar:/Users/shahid2/.m2/repository/com/fasterxml/jackson/core/jackson-core/2.10.2/jackson-core-2.10.2.jar:/Users/shahid2/.m2/repository/com/fasterxml/jackson/dataformat/jackson-dataformat-yaml/2.10.2/jackson-dataformat-yaml-2.10.2.jar:/Users/shahid2/.m2/repository/com/fasterxml/jackson/core/jackson-databind/2.10.2/jackson-databind-2.10.2.jar:/Users/shahid2/.m2/repository/com/fasterxml/jackson/core/jackson-annotations/2.10.2/jackson-annotations-2.10.2.jar:/Users/shahid2/.m2/repository/org/catools/common-security/0.1.15/common-security-0.1.15.jar:/Users/shahid2/.m2/repository/com/github/lalyos/jfiglet/0.0.8/jfiglet-0.0.8.jar:/Users/shahid2/.m2/repository/com/diogonunes/JCDP/2.0.3.1/JCDP-2.0.3.1.jar:/Users/shahid2/.m2/repository/org/fusesource/jansi/jansi/1.15/jansi-1.15.jar:/Users/shahid2/.m2/repository/commons-io/commons-io/2.6/commons-io-2.6.jar:/Users/shahid2/.m2/repository/javax/xml/bind/jaxb-api/2.3.1/jaxb-api-2.3.1.jar:/Users/shahid2/.m2/repository/javax/activation/javax.activation-api/1.2.0/javax.activation-api-1.2.0.jar:/Users/shahid2/.m2/repository/javax/ws/rs/javax.ws.rs-api/2.1.1/javax.ws.rs-api-2.1.1.jar:/Users/shahid2/.m2/repository/org/codehaus/jettison/jettison/1.4.0/jettison-1.4.0.jar:/Users/shahid2/.m2/repository/commons-collections/commons-collections/3.2.1/commons-collections-3.2.1.jar:/Users/shahid2/.m2/repository/com/googlecode/lambdaj/lambdaj/2.3.3/lambdaj-2.3.3.jar:/Users/shahid2/.m2/repository/org/hamcrest/hamcrest-all/1.1/hamcrest-all-1.1.jar:/Users/shahid2/.m2/repository/org/objenesis/objenesis/1.2/objenesis-1.2.jar:/Users/shahid2/.m2/repository/cglib/cglib-nodep/2.2/cglib-nodep-2.2.jar:/Users/shahid2/.m2/repository/org/bitbucket/cowwoc/diff-match-patch/1.2/diff-match-patch-1.2.jar:/Users/shahid2/.m2/repository/com/googlecode/libphonenumber/libphonenumber/8.10.7/libphonenumber-8.10.7.jar:/Users/shahid2/.m2/repository/uk/com/robust-it/cloning/1.9.2/cloning-1.9.2.jar:/Users/shahid2/.m2/repository/org/jmockit/jmockit/1.44/jmockit-1.44.jar:/Users/shahid2/.m2/repository/com/aventstack/extentreports/4.0.9/extentreports-4.0.9.jar:/Users/shahid2/.m2/repository/org/freemarker/freemarker/2.3.23/freemarker-2.3.23.jar:/Users/shahid2/.m2/repository/org/mongodb/mongodb-driver/3.3.0/mongodb-driver-3.3.0.jar:/Users/shahid2/.m2/repository/org/mongodb/mongodb-driver-core/3.3.0/mongodb-driver-core-3.3.0.jar:/Users/shahid2/.m2/repository/org/mongodb/bson/3.3.0/bson-3.3.0.jar:/Users/shahid2/.m2/repository/org/apache/httpcomponents/httpclient/4.5.2/httpclient-4.5.2.jar:/Users/shahid2/.m2/repository/org/apache/httpcomponents/httpcore/4.4.4/httpcore-4.4.4.jar:/Users/shahid2/.m2/repository/commons-logging/commons-logging/1.2/commons-logging-1.2.jar:/Users/shahid2/.m2/repository/commons-codec/commons-codec/1.9/commons-codec-1.9.jar:/Users/shahid2/.m2/repository/org/apache/httpcomponents/httpmime/4.5.2/httpmime-4.5.2.jar:/Users/shahid2/.m2/repository/com/google/code/gson/gson/2.8.5/gson-2.8.5.jar:"/>
    <property name="sun.cpu.endian" value="little"/>
    <property name="user.home" value="/Users/shahid2"/>
    <property name="user.language" value="en"/>
    <property name="java.specification.vendor" value="Oracle Corporation"/>
    <property name="java.home" value="/Library/Java/JavaVirtualMachines/jdk1.8.0_221.jdk/Contents/Home/jre"/>
    <property name="basedir" value="/Users/shahid2/eclipse-workspace/TargetAutomation"/>
    <property name="file.separator" value="/"/>
    <property name="line.separator" value="&#10;"/>
    <property name="java.vm.specification.vendor" value="Oracle Corporation"/>
    <property name="java.specification.name" value="Java Platform API Specification"/>
    <property name="java.awt.graphicsenv" value="sun.awt.CGraphicsEnvironment"/>
    <property name="surefire.real.class.path" value="/Users/shahid2/eclipse-workspace/TargetAutomation/target/surefire/surefirebooter2997835827176092685.jar"/>
    <property name="sun.boot.class.path" value="/Library/Java/JavaVirtualMachines/jdk1.8.0_221.jdk/Contents/Home/jre/lib/resources.jar:/Library/Java/JavaVirtualMachines/jdk1.8.0_221.jdk/Contents/Home/jre/lib/rt.jar:/Library/Java/JavaVirtualMachines/jdk1.8.0_221.jdk/Contents/Home/jre/lib/sunrsasign.jar:/Library/Java/JavaVirtualMachines/jdk1.8.0_221.jdk/Contents/Home/jre/lib/jsse.jar:/Library/Java/JavaVirtualMachines/jdk1.8.0_221.jdk/Contents/Home/jre/lib/jce.jar:/Library/Java/JavaVirtualMachines/jdk1.8.0_221.jdk/Contents/Home/jre/lib/charsets.jar:/Library/Java/JavaVirtualMachines/jdk1.8.0_221.jdk/Contents/Home/jre/lib/jfr.jar:/Library/Java/JavaVirtualMachines/jdk1.8.0_221.jdk/Contents/Home/jre/classes"/>
    <property name="sun.management.compiler" value="HotSpot 64-Bit Tiered Compilers"/>
    <property name="ftp.nonProxyHosts" value="local|*.local|169.254/16|*.169.254/16"/>
    <property name="java.runtime.version" value="1.8.0_221-b11"/>
    <property name="user.name" value="shahid2"/>
    <property name="path.separator" value=":"/>
    <property name="os.version" value="10.15.2"/>
    <property name="java.endorsed.dirs" value="/Library/Java/JavaVirtualMachines/jdk1.8.0_221.jdk/Contents/Home/jre/lib/endorsed"/>
    <property name="java.runtime.name" value="Java(TM) SE Runtime Environment"/>
    <property name="file.encoding" value="UTF-8"/>
    <property name="java.vm.name" value="Java HotSpot(TM) 64-Bit Server VM"/>
    <property name="localRepository" value="/Users/shahid2/.m2/repository"/>
    <property name="java.vendor.url.bug" value="http://bugreport.sun.com/bugreport/"/>
    <property name="java.io.tmpdir" value="/var/folders/x6/dk1h9qzx6hldsnp8v9bj52v80000gn/T/"/>
    <property name="java.version" value="1.8.0_221"/>
    <property name="user.dir" value="/Users/shahid2/eclipse-workspace/TargetAutomation"/>
    <property name="os.arch" value="x86_64"/>
    <property name="java.vm.specification.name" value="Java Virtual Machine Specification"/>
    <property name="java.awt.printerjob" value="sun.lwawt.macosx.CPrinterJob"/>
    <property name="sun.os.patch.level" value="unknown"/>
    <property name="java.library.path" value="/Users/shahid2/Library/Java/Extensions:/Library/Java/Extensions:/Network/Library/Java/Extensions:/System/Library/Java/Extensions:/usr/lib/java:."/>
    <property name="java.vm.info" value="mixed mode"/>
    <property name="java.vendor" value="Oracle Corporation"/>
    <property name="java.vm.version" value="25.221-b11"/>
    <property name="java.ext.dirs" value="/Users/shahid2/Library/Java/Extensions:/Library/Java/JavaVirtualMachines/jdk1.8.0_221.jdk/Contents/Home/jre/lib/ext:/Library/Java/Extensions:/Network/Library/Java/Extensions:/System/Library/Java/Extensions:/usr/lib/java"/>
    <property name="sun.io.unicode.encoding" value="UnicodeBig"/>
    <property name="java.class.version" value="52.0"/>
    <property name="socksNonProxyHosts" value="local|*.local|169.254/16|*.169.254/16"/>
  </properties>
  <testcase name="titileValidation" classname="allTests.HomePageTest" time="4.274"/>
  <testcase name="valiadteComputertext" classname="allTests.HomePageTest" time="2.787"/>
</testsuite>