<?xml version="1.0" encoding="UTF-8"?>
<!-- Generated by org.testng.reporters.JUnitReportReporter -->
<testsuite skipped="0" hostname="Mds-MacBook-Pro-3.local" name="allTests.HomePageTest" tests="2" failures="0" timestamp="2020-03-03T14:29:18 EST" time="6.672" errors="0">
  <testcase name="titileValidation" time="3.692" classname="allTests.HomePageTest"/>
  <system-out/>
  <testcase name="valiadteComputertext" time="2.980" classname="allTests.HomePageTest"/>
  <system-out/>
</testsuite> <!-- allTests.HomePageTest -->
