<?xml version="1.0" encoding="UTF-8"?>
<!-- Generated by org.testng.reporters.JUnitReportReporter -->
<testsuite skipped="0" hostname="Mds-MacBook-Pro-3.local" name="allTests.HomePageTest" tests="2" failures="0" timestamp="2020-03-03T18:36:41 EST" time="7.056" errors="0">
  <testcase name="titileValidation" time="4.268" classname="allTests.HomePageTest"/>
  <system-out/>
  <testcase name="valiadteComputertext" time="2.788" classname="allTests.HomePageTest"/>
  <system-out/>
</testsuite> <!-- allTests.HomePageTest -->
